<?xml version="1.0" encoding="UTF-8"?>
<!-- Generated by org.testng.reporters.JUnitReportReporter -->
<testsuite hostname="DESKTOP-6LB77J4" failures="0" tests="1" name="basics.clock" time="12.585" errors="0" timestamp="2023-04-03T16:58:20 PDT" skipped="0">
  <testcase classname="basics.clock" name="clockTest" time="12.585"/>
  <system-out/>
</testsuite> <!-- basics.clock -->
