<?xml version="1.0" encoding="UTF-8"?>
<!-- Generated by org.testng.reporters.JUnitReportReporter -->
<testsuite hostname="DESKTOP-6LB77J4" failures="0" tests="1" name="generalStore.ProductSelect" time="33.946" errors="0" timestamp="2023-04-04T18:46:27 PDT" skipped="0">
  <testcase classname="generalStore.ProductSelect" name="producttest" time="33.946"/>
  <system-out/>
</testsuite> <!-- generalStore.ProductSelect -->
