<?xml version="1.0" encoding="UTF-8"?>
<!-- Generated by org.testng.reporters.JUnitReportReporter -->
<testsuite hostname="DESKTOP-6LB77J4" failures="0" tests="1" name="generalStore.TotalSumInCart" time="34.419" errors="0" timestamp="2023-04-04T20:02:27 PDT" skipped="0">
  <testcase classname="generalStore.TotalSumInCart" name="totalsumtest" time="34.419"/>
  <system-out/>
</testsuite> <!-- generalStore.TotalSumInCart -->
