<?xml version="1.0" encoding="UTF-8"?>
<!-- Generated by org.testng.reporters.JUnitReportReporter -->
<testsuite hostname="DESKTOP-6LB77J4" failures="0" tests="1" name="gestures.Swipe" time="17.795" errors="0" timestamp="2023-04-04T11:56:02 PDT" skipped="0">
  <testcase classname="gestures.Swipe" name="swipetest" time="17.795"/>
  <system-out/>
</testsuite> <!-- gestures.Swipe -->
