<?xml version="1.0" encoding="UTF-8"?>
<!-- Generated by org.testng.reporters.JUnitReportReporter -->
<testsuite hostname="DESKTOP-6LB77J4" failures="0" tests="1" name="generalStore.Login" time="42.906" errors="0" timestamp="2023-04-04T15:13:13 PDT" skipped="0">
  <testcase classname="generalStore.Login" name="logintest" time="42.906"/>
  <system-out/>
</testsuite> <!-- generalStore.Login -->
