<?xml version="1.0" encoding="UTF-8"?>
<!-- Generated by org.testng.reporters.JUnitReportReporter -->
<testsuite hostname="DESKTOP-6LB77J4" failures="0" tests="1" name="basics.Calc" time="18.418" errors="0" timestamp="2023-04-03T16:25:39 PDT" skipped="0">
  <testcase classname="basics.Calc" name="calctest" time="18.418"/>
  <system-out/>
</testsuite> <!-- basics.Calc -->
