<?xml version="1.0" encoding="UTF-8"?>
<!-- Generated by org.testng.reporters.JUnitReportReporter -->
<testsuite hostname="DESKTOP-6LB77J4" failures="0" tests="1" name="basics.AndroidApp" time="23.439" errors="0" timestamp="2023-04-03T15:26:25 PDT" skipped="0">
  <testcase classname="basics.AndroidApp" name="apptest" time="23.439"/>
  <system-out/>
</testsuite> <!-- basics.AndroidApp -->
