<?xml version="1.0" encoding="UTF-8"?>
<!-- Generated by org.testng.reporters.JUnitReportReporter -->
<testsuite hostname="DESKTOP-6LB77J4" failures="0" tests="1" name="basics.DeviceRotation1" time="19.653" errors="0" timestamp="2023-04-04T12:35:45 PDT" skipped="0">
  <testcase classname="basics.DeviceRotation1" name="devicetest" time="19.653"/>
  <system-out/>
</testsuite> <!-- basics.DeviceRotation1 -->
