<?xml version="1.0" encoding="UTF-8"?>
<!-- Generated by org.testng.reporters.JUnitReportReporter -->
<testsuite hostname="DESKTOP-6LB77J4" failures="0" tests="1" name="basics.AndroidBasics" time="14.116" errors="0" timestamp="2023-04-03T11:43:06 PDT" skipped="0">
  <testcase classname="basics.AndroidBasics" name="androidTest" time="14.116"/>
  <system-out/>
</testsuite> <!-- basics.AndroidBasics -->
