<?xml version="1.0" encoding="UTF-8"?>
<!-- Generated by org.testng.reporters.JUnitReportReporter -->
<testsuite hostname="DESKTOP-6LB77J4" failures="0" tests="1" name="gestures.Draganddrop" time="16.020" errors="0" timestamp="2023-04-04T12:10:30 PDT" skipped="0">
  <testcase classname="gestures.Draganddrop" name="draganddroptest" time="16.020"/>
  <system-out/>
</testsuite> <!-- gestures.Draganddrop -->
